<?xml version="1.0" encoding="UTF-8"?><testsuite errors="1" failures="0" name="Ingresar articulo nuevo" skipped="0" tests="2" time="87.89" timestamp="2022-12-02 01:12:56"><testcase name="El usuario hace un login"/><testcase name="El usuario crea un nuevo articulo"><error message="Arity mismatch: Step Definition 'demo.realworld.io.stepdefinitions.CrearNuevoArticuloStepDefinitions.publicaElArticuloExitosamente(String) in file:/C:/Users/LULU/Desktop/reto_automatizacion_qvision/build/classes/java/test/' with pattern [^publica el articulo exitosamente$] is declared with 1 parameters. However, the gherkin step has 0 arguments []. &#10;Step text: publica el articulo exitosamente" type="cucumber.runtime.CucumberException">Arity mismatch: Step Definition 'demo.realworld.io.stepdefinitions.CrearNuevoArticuloStepDefinitions.publicaElArticuloExitosamente(String) in file:/C:/Users/LULU/Desktop/reto_automatizacion_qvision/build/classes/java/test/' with pattern [^publica el articulo exitosamente$] is declared with 1 parameters. However, the gherkin step has 0 arguments []. 
Step text: publica el articulo exitosamente</error><system-err>Arity mismatch: Step Definition 'demo.realworld.io.stepdefinitions.CrearNuevoArticuloStepDefinitions.publicaElArticuloExitosamente(String) in file:/C:/Users/LULU/Desktop/reto_automatizacion_qvision/build/classes/java/test/' with pattern [^publica el articulo exitosamente$] is declared with 1 parameters. However, the gherkin step has 0 arguments []. 
Step text: publica el articulo exitosamente&#13;
cucumber.runner.Runner.runPickle(Runner.java:80)&#13;
</system-err></testcase></testsuite>